<?xml version="1.0" encoding="UTF-8"?>
<coverage generated="1705593570602" clover="3.2.0">
  <project timestamp="1705593570603" name="All files">
    <metrics statements="109" coveredstatements="67" conditionals="22" coveredconditionals="7" methods="39" coveredmethods="18" elements="170" coveredelements="92" complexity="0" loc="109" ncloc="109" packages="2" files="15" classes="15"/>
    <package name="component">
      <metrics statements="81" coveredstatements="53" conditionals="22" coveredconditionals="7" methods="29" coveredmethods="16"/>
      <file name="Body.js" path="C:\Users\unnatimishra\OneDrive - Nagarro\Desktop\NamasteReact\src\component\Body.js">
        <metrics statements="34" coveredstatements="28" conditionals="8" coveredconditionals="5" methods="10" coveredmethods="7"/>
        <line num="8" count="1" type="stmt"/>
        <line num="9" count="6" type="stmt"/>
        <line num="10" count="6" type="stmt"/>
        <line num="11" count="6" type="stmt"/>
        <line num="13" count="6" type="stmt"/>
        <line num="14" count="0" type="stmt"/>
        <line num="15" count="0" type="stmt"/>
        <line num="17" count="0" type="stmt"/>
        <line num="20" count="6" type="stmt"/>
        <line num="21" count="2" type="stmt"/>
        <line num="24" count="6" type="stmt"/>
        <line num="25" count="2" type="stmt"/>
        <line num="26" count="2" type="stmt"/>
        <line num="30" count="2" type="stmt"/>
        <line num="31" count="2" type="stmt"/>
        <line num="33" count="2" type="cond" truecount="1" falsecount="1"/>
        <line num="35" count="2" type="stmt"/>
        <line num="36" count="2" type="stmt"/>
        <line num="37" count="2" type="stmt"/>
        <line num="38" count="2" type="stmt"/>
        <line num="40" count="0" type="stmt"/>
        <line num="44" count="6" type="stmt"/>
        <line num="46" count="6" type="stmt"/>
        <line num="48" count="6" type="cond" truecount="1" falsecount="1"/>
        <line num="49" count="0" type="stmt"/>
        <line num="56" count="6" type="stmt"/>
        <line num="58" count="6" type="stmt"/>
        <line num="59" count="1" type="stmt"/>
        <line num="60" count="20" type="stmt"/>
        <line num="63" count="1" type="stmt"/>
        <line num="66" count="6" type="cond" truecount="2" falsecount="0"/>
        <line num="79" count="1" type="stmt"/>
        <line num="102" count="0" type="stmt"/>
        <line num="108" count="63" type="stmt"/>
      </file>
      <file name="ContactUs.js" path="C:\Users\unnatimishra\OneDrive - Nagarro\Desktop\NamasteReact\src\component\ContactUs.js">
        <metrics statements="2" coveredstatements="2" conditionals="0" coveredconditionals="0" methods="1" coveredmethods="1"/>
        <line num="3" count="1" type="stmt"/>
        <line num="4" count="4" type="stmt"/>
      </file>
      <file name="Header.js" path="C:\Users\unnatimishra\OneDrive - Nagarro\Desktop\NamasteReact\src\component\Header.js">
        <metrics statements="7" coveredstatements="7" conditionals="4" coveredconditionals="2" methods="3" coveredmethods="3"/>
        <line num="8" count="1" type="stmt"/>
        <line num="9" count="4" type="stmt"/>
        <line num="10" count="4" type="stmt"/>
        <line num="11" count="4" type="stmt"/>
        <line num="15" count="7" type="stmt"/>
        <line num="17" count="4" type="stmt"/>
        <line num="37" count="1" type="cond" truecount="1" falsecount="1"/>
      </file>
      <file name="ItemList.js" path="C:\Users\unnatimishra\OneDrive - Nagarro\Desktop\NamasteReact\src\component\ItemList.js">
        <metrics statements="8" coveredstatements="1" conditionals="2" coveredconditionals="0" methods="4" coveredmethods="0"/>
        <line num="6" count="1" type="stmt"/>
        <line num="7" count="0" type="stmt"/>
        <line num="9" count="0" type="stmt"/>
        <line num="11" count="0" type="stmt"/>
        <line num="14" count="0" type="stmt"/>
        <line num="17" count="0" type="stmt"/>
        <line num="20" count="0" type="stmt"/>
        <line num="39" count="0" type="stmt"/>
      </file>
      <file name="RestaurantCard.js" path="C:\Users\unnatimishra\OneDrive - Nagarro\Desktop\NamasteReact\src\component\RestaurantCard.js">
        <metrics statements="9" coveredstatements="9" conditionals="0" coveredconditionals="0" methods="3" coveredmethods="3"/>
        <line num="3" count="2" type="stmt"/>
        <line num="4" count="64" type="stmt"/>
        <line num="5" count="64" type="stmt"/>
        <line num="14" count="64" type="stmt"/>
        <line num="15" count="64" type="stmt"/>
        <line num="18" count="64" type="stmt"/>
        <line num="41" count="2" type="stmt"/>
        <line num="42" count="6" type="stmt"/>
        <line num="43" count="63" type="stmt"/>
      </file>
      <file name="RestaurantCategory.js" path="C:\Users\unnatimishra\OneDrive - Nagarro\Desktop\NamasteReact\src\component\RestaurantCategory.js">
        <metrics statements="4" coveredstatements="1" conditionals="2" coveredconditionals="0" methods="2" coveredmethods="0"/>
        <line num="4" count="1" type="stmt"/>
        <line num="7" count="0" type="stmt"/>
        <line num="9" count="0" type="stmt"/>
        <line num="11" count="0" type="stmt"/>
      </file>
      <file name="RestaurantMenu.js" path="C:\Users\unnatimishra\OneDrive - Nagarro\Desktop\NamasteReact\src\component\RestaurantMenu.js">
        <metrics statements="13" coveredstatements="1" conditionals="6" coveredconditionals="0" methods="4" coveredmethods="0"/>
        <line num="6" count="1" type="stmt"/>
        <line num="8" count="0" type="stmt"/>
        <line num="10" count="0" type="stmt"/>
        <line num="12" count="0" type="stmt"/>
        <line num="14" count="0" type="cond" truecount="0" falsecount="2"/>
        <line num="16" count="0" type="cond" truecount="0" falsecount="2"/>
        <line num="21" count="0" type="stmt"/>
        <line num="24" count="0" type="stmt"/>
        <line num="25" count="0" type="stmt"/>
        <line num="26" count="0" type="stmt"/>
        <line num="29" count="0" type="stmt"/>
        <line num="36" count="0" type="stmt"/>
        <line num="43" count="0" type="stmt"/>
      </file>
      <file name="Shimmer.js" path="C:\Users\unnatimishra\OneDrive - Nagarro\Desktop\NamasteReact\src\component\Shimmer.js">
        <metrics statements="2" coveredstatements="2" conditionals="0" coveredconditionals="0" methods="1" coveredmethods="1"/>
        <line num="3" count="2" type="stmt"/>
        <line num="4" count="2" type="stmt"/>
      </file>
      <file name="sum.js" path="C:\Users\unnatimishra\OneDrive - Nagarro\Desktop\NamasteReact\src\component\sum.js">
        <metrics statements="2" coveredstatements="2" conditionals="0" coveredconditionals="0" methods="1" coveredmethods="1"/>
        <line num="1" count="1" type="stmt"/>
        <line num="2" count="1" type="stmt"/>
      </file>
    </package>
    <package name="utils">
      <metrics statements="28" coveredstatements="14" conditionals="0" coveredconditionals="0" methods="10" coveredmethods="2"/>
      <file name="UserContext.js" path="C:\Users\unnatimishra\OneDrive - Nagarro\Desktop\NamasteReact\src\utils\UserContext.js">
        <metrics statements="1" coveredstatements="1" conditionals="0" coveredconditionals="0" methods="0" coveredmethods="0"/>
        <line num="3" count="2" type="stmt"/>
      </file>
      <file name="appStore.js" path="C:\Users\unnatimishra\OneDrive - Nagarro\Desktop\NamasteReact\src\utils\appStore.js">
        <metrics statements="1" coveredstatements="1" conditionals="0" coveredconditionals="0" methods="0" coveredmethods="0"/>
        <line num="3" count="1" type="stmt"/>
      </file>
      <file name="cartSlice.js" path="C:\Users\unnatimishra\OneDrive - Nagarro\Desktop\NamasteReact\src\utils\cartSlice.js">
        <metrics statements="5" coveredstatements="2" conditionals="0" coveredconditionals="0" methods="3" coveredmethods="0"/>
        <line num="4" count="2" type="stmt"/>
        <line num="18" count="0" type="stmt"/>
        <line num="21" count="0" type="stmt"/>
        <line num="24" count="0" type="stmt"/>
        <line num="30" count="2" type="stmt"/>
      </file>
      <file name="constant.js" path="C:\Users\unnatimishra\OneDrive - Nagarro\Desktop\NamasteReact\src\utils\constant.js">
        <metrics statements="3" coveredstatements="3" conditionals="0" coveredconditionals="0" methods="0" coveredmethods="0"/>
        <line num="1" count="4" type="stmt"/>
        <line num="3" count="4" type="stmt"/>
        <line num="6" count="4" type="stmt"/>
      </file>
      <file name="useOnlineStatus.js" path="C:\Users\unnatimishra\OneDrive - Nagarro\Desktop\NamasteReact\src\utils\useOnlineStatus.js">
        <metrics statements="8" coveredstatements="6" conditionals="0" coveredconditionals="0" methods="4" coveredmethods="2"/>
        <line num="3" count="2" type="stmt"/>
        <line num="5" count="10" type="stmt"/>
        <line num="7" count="10" type="stmt"/>
        <line num="8" count="10" type="stmt"/>
        <line num="9" count="0" type="stmt"/>
        <line num="12" count="10" type="stmt"/>
        <line num="13" count="0" type="stmt"/>
        <line num="18" count="10" type="stmt"/>
      </file>
      <file name="useRestaurantMenu.js" path="C:\Users\unnatimishra\OneDrive - Nagarro\Desktop\NamasteReact\src\utils\useRestaurantMenu.js">
        <metrics statements="10" coveredstatements="1" conditionals="0" coveredconditionals="0" methods="3" coveredmethods="0"/>
        <line num="4" count="1" type="stmt"/>
        <line num="6" count="0" type="stmt"/>
        <line num="8" count="0" type="stmt"/>
        <line num="9" count="0" type="stmt"/>
        <line num="12" count="0" type="stmt"/>
        <line num="13" count="0" type="stmt"/>
        <line num="14" count="0" type="stmt"/>
        <line num="15" count="0" type="stmt"/>
        <line num="16" count="0" type="stmt"/>
        <line num="19" count="0" type="stmt"/>
      </file>
    </package>
  </project>
</coverage>
