{"C:\\Users\\unnatimishra\\OneDrive - Nagarro\\Desktop\\NamasteReact\\src\\component\\Body.js": {"path":"C:\\Users\\unnatimishra\\OneDrive - Nagarro\\Desktop\\NamasteReact\\src\\component\\Body.js","statementMap":{"0":{"start":{"line":8,"column":13},"end":{"line":125,"column":1}},"1":{"start":{"line":9,"column":51},"end":{"line":9,"column":63}},"2":{"start":{"line":10,"column":54},"end":{"line":10,"column":66}},"3":{"start":{"line":11,"column":38},"end":{"line":11,"column":50}},"4":{"start":{"line":13,"column":31},"end":{"line":18,"column":3}},"5":{"start":{"line":14,"column":25},"end":{"line":16,"column":5}},"6":{"start":{"line":15,"column":15},"end":{"line":15,"column":37}},"7":{"start":{"line":17,"column":4},"end":{"line":17,"column":40}},"8":{"start":{"line":20,"column":2},"end":{"line":22,"column":9}},"9":{"start":{"line":21,"column":4},"end":{"line":21,"column":16}},"10":{"start":{"line":24,"column":20},"end":{"line":42,"column":3}},"11":{"start":{"line":25,"column":4},"end":{"line":41,"column":5}},"12":{"start":{"line":26,"column":19},"end":{"line":28,"column":7}},"13":{"start":{"line":30,"column":19},"end":{"line":30,"column":36}},"14":{"start":{"line":31,"column":6},"end":{"line":31,"column":24}},"15":{"start":{"line":33,"column":8},"end":{"line":34,"column":29}},"16":{"start":{"line":35,"column":6},"end":{"line":35,"column":31}},"17":{"start":{"line":36,"column":6},"end":{"line":36,"column":39}},"18":{"start":{"line":37,"column":6},"end":{"line":37,"column":41}},"19":{"start":{"line":38,"column":6},"end":{"line":38,"column":37}},"20":{"start":{"line":40,"column":6},"end":{"line":40,"column":27}},"21":{"start":{"line":44,"column":23},"end":{"line":44,"column":40}},"22":{"start":{"line":46,"column":33},"end":{"line":46,"column":64}},"23":{"start":{"line":48,"column":2},"end":{"line":54,"column":3}},"24":{"start":{"line":49,"column":4},"end":{"line":53,"column":6}},"25":{"start":{"line":56,"column":34},"end":{"line":56,"column":57}},"26":{"start":{"line":58,"column":23},"end":{"line":64,"column":3}},"27":{"start":{"line":59,"column":31},"end":{"line":61,"column":5}},"28":{"start":{"line":60,"column":6},"end":{"line":60,"column":68}},"29":{"start":{"line":63,"column":4},"end":{"line":63,"column":46}},"30":{"start":{"line":66,"column":2},"end":{"line":124,"column":4}},"31":{"start":{"line":79,"column":14},"end":{"line":79,"column":44}},"32":{"start":{"line":102,"column":28},"end":{"line":102,"column":55}},"33":{"start":{"line":108,"column":10},"end":{"line":120,"column":17}}},"fnMap":{"0":{"name":"(anonymous_0)","decl":{"start":{"line":8,"column":13},"end":{"line":8,"column":14}},"loc":{"start":{"line":8,"column":19},"end":{"line":125,"column":1}},"line":8},"1":{"name":"(anonymous_1)","decl":{"start":{"line":13,"column":31},"end":{"line":13,"column":32}},"loc":{"start":{"line":13,"column":37},"end":{"line":18,"column":3}},"line":13},"2":{"name":"(anonymous_2)","decl":{"start":{"line":15,"column":6},"end":{"line":15,"column":7}},"loc":{"start":{"line":15,"column":15},"end":{"line":15,"column":37}},"line":15},"3":{"name":"(anonymous_3)","decl":{"start":{"line":20,"column":12},"end":{"line":20,"column":13}},"loc":{"start":{"line":20,"column":18},"end":{"line":22,"column":3}},"line":20},"4":{"name":"(anonymous_4)","decl":{"start":{"line":24,"column":20},"end":{"line":24,"column":21}},"loc":{"start":{"line":24,"column":32},"end":{"line":42,"column":3}},"line":24},"5":{"name":"(anonymous_5)","decl":{"start":{"line":58,"column":23},"end":{"line":58,"column":24}},"loc":{"start":{"line":58,"column":29},"end":{"line":64,"column":3}},"line":58},"6":{"name":"(anonymous_6)","decl":{"start":{"line":59,"column":56},"end":{"line":59,"column":57}},"loc":{"start":{"line":60,"column":6},"end":{"line":60,"column":68}},"line":60},"7":{"name":"(anonymous_7)","decl":{"start":{"line":78,"column":22},"end":{"line":78,"column":23}},"loc":{"start":{"line":78,"column":29},"end":{"line":80,"column":13}},"line":78},"8":{"name":"(anonymous_8)","decl":{"start":{"line":102,"column":22},"end":{"line":102,"column":23}},"loc":{"start":{"line":102,"column":28},"end":{"line":102,"column":55}},"line":102},"9":{"name":"(anonymous_9)","decl":{"start":{"line":107,"column":32},"end":{"line":107,"column":33}},"loc":{"start":{"line":108,"column":10},"end":{"line":120,"column":17}},"line":108}},"branchMap":{"0":{"loc":{"start":{"line":33,"column":8},"end":{"line":34,"column":29}},"type":"binary-expr","locations":[{"start":{"line":33,"column":8},"end":{"line":34,"column":23}},{"start":{"line":34,"column":27},"end":{"line":34,"column":29}}],"line":33},"1":{"loc":{"start":{"line":48,"column":2},"end":{"line":54,"column":3}},"type":"if","locations":[{"start":{"line":48,"column":2},"end":{"line":54,"column":3}},{"start":{},"end":{}}],"line":48},"2":{"loc":{"start":{"line":66,"column":9},"end":{"line":124,"column":3}},"type":"cond-expr","locations":[{"start":{"line":67,"column":4},"end":{"line":67,"column":15}},{"start":{"line":69,"column":4},"end":{"line":123,"column":10}}],"line":66},"3":{"loc":{"start":{"line":114,"column":14},"end":{"line":118,"column":15}},"type":"cond-expr","locations":[{"start":{"line":115,"column":16},"end":{"line":115,"column":63}},{"start":{"line":117,"column":16},"end":{"line":117,"column":54}}],"line":114}},"s":{"0":1,"1":6,"2":6,"3":6,"4":6,"5":0,"6":0,"7":0,"8":6,"9":2,"10":6,"11":2,"12":2,"13":2,"14":2,"15":2,"16":2,"17":2,"18":2,"19":2,"20":0,"21":6,"22":6,"23":6,"24":0,"25":6,"26":6,"27":1,"28":20,"29":1,"30":6,"31":1,"32":0,"33":63},"f":{"0":6,"1":0,"2":0,"3":2,"4":2,"5":1,"6":20,"7":1,"8":0,"9":63},"b":{"0":[2,0],"1":[0,6],"2":[2,4],"3":[63,0]},"_coverageSchema":"1a1c01bbd47fc00a2c39e90264f33305004495a9","hash":"11219c0318767cf78791b9e6d8269148210ceb40"}
,"C:\\Users\\unnatimishra\\OneDrive - Nagarro\\Desktop\\NamasteReact\\src\\component\\ContactUs.js": {"path":"C:\\Users\\unnatimishra\\OneDrive - Nagarro\\Desktop\\NamasteReact\\src\\component\\ContactUs.js","statementMap":{"0":{"start":{"line":3,"column":18},"end":{"line":21,"column":1}},"1":{"start":{"line":4,"column":2},"end":{"line":20,"column":3}}},"fnMap":{"0":{"name":"(anonymous_0)","decl":{"start":{"line":3,"column":18},"end":{"line":3,"column":19}},"loc":{"start":{"line":3,"column":24},"end":{"line":21,"column":1}},"line":3}},"branchMap":{},"s":{"0":1,"1":4},"f":{"0":4},"b":{},"_coverageSchema":"1a1c01bbd47fc00a2c39e90264f33305004495a9","hash":"a5743e36fb48628772ef29285d074eda276b7723"}
,"C:\\Users\\unnatimishra\\OneDrive - Nagarro\\Desktop\\NamasteReact\\src\\component\\Header.js": {"path":"C:\\Users\\unnatimishra\\OneDrive - Nagarro\\Desktop\\NamasteReact\\src\\component\\Header.js","statementMap":{"0":{"start":{"line":8,"column":15},"end":{"line":50,"column":1}},"1":{"start":{"line":9,"column":40},"end":{"line":9,"column":57}},"2":{"start":{"line":10,"column":23},"end":{"line":10,"column":40}},"3":{"start":{"line":11,"column":24},"end":{"line":11,"column":47}},"4":{"start":{"line":15,"column":20},"end":{"line":15,"column":59}},"5":{"start":{"line":15,"column":42},"end":{"line":15,"column":58}},"6":{"start":{"line":17,"column":4},"end":{"line":49,"column":5}},"7":{"start":{"line":37,"column":20},"end":{"line":39,"column":46}}},"fnMap":{"0":{"name":"(anonymous_0)","decl":{"start":{"line":8,"column":15},"end":{"line":8,"column":16}},"loc":{"start":{"line":8,"column":19},"end":{"line":50,"column":1}},"line":8},"1":{"name":"(anonymous_1)","decl":{"start":{"line":15,"column":32},"end":{"line":15,"column":33}},"loc":{"start":{"line":15,"column":42},"end":{"line":15,"column":58}},"line":15},"2":{"name":"(anonymous_2)","decl":{"start":{"line":36,"column":25},"end":{"line":36,"column":26}},"loc":{"start":{"line":36,"column":29},"end":{"line":40,"column":17}},"line":36}},"branchMap":{"0":{"loc":{"start":{"line":28,"column":52},"end":{"line":28,"column":75}},"type":"cond-expr","locations":[{"start":{"line":28,"column":67},"end":{"line":28,"column":70}},{"start":{"line":28,"column":71},"end":{"line":28,"column":75}}],"line":28},"1":{"loc":{"start":{"line":37,"column":20},"end":{"line":39,"column":45}},"type":"cond-expr","locations":[{"start":{"line":38,"column":22},"end":{"line":38,"column":47}},{"start":{"line":39,"column":21},"end":{"line":39,"column":45}}],"line":37}},"s":{"0":1,"1":4,"2":4,"3":4,"4":4,"5":7,"6":4,"7":1},"f":{"0":4,"1":7,"2":1},"b":{"0":[4,0],"1":[1,0]},"_coverageSchema":"1a1c01bbd47fc00a2c39e90264f33305004495a9","hash":"c60960474d17c761aaa2dfe400789c3be1a02540"}
,"C:\\Users\\unnatimishra\\OneDrive - Nagarro\\Desktop\\NamasteReact\\src\\component\\ItemList.js": {"path":"C:\\Users\\unnatimishra\\OneDrive - Nagarro\\Desktop\\NamasteReact\\src\\component\\ItemList.js","statementMap":{"0":{"start":{"line":6,"column":17},"end":{"line":48,"column":1}},"1":{"start":{"line":7,"column":2},"end":{"line":7,"column":21}},"2":{"start":{"line":9,"column":17},"end":{"line":9,"column":30}},"3":{"start":{"line":11,"column":23},"end":{"line":15,"column":3}},"4":{"start":{"line":14,"column":4},"end":{"line":14,"column":28}},"5":{"start":{"line":17,"column":2},"end":{"line":47,"column":4}},"6":{"start":{"line":20,"column":8},"end":{"line":44,"column":14}},"7":{"start":{"line":39,"column":28},"end":{"line":39,"column":48}}},"fnMap":{"0":{"name":"(anonymous_0)","decl":{"start":{"line":6,"column":17},"end":{"line":6,"column":18}},"loc":{"start":{"line":6,"column":32},"end":{"line":48,"column":1}},"line":6},"1":{"name":"(anonymous_1)","decl":{"start":{"line":11,"column":23},"end":{"line":11,"column":24}},"loc":{"start":{"line":11,"column":31},"end":{"line":15,"column":3}},"line":11},"2":{"name":"(anonymous_2)","decl":{"start":{"line":19,"column":17},"end":{"line":19,"column":18}},"loc":{"start":{"line":20,"column":8},"end":{"line":44,"column":14}},"line":20},"3":{"name":"(anonymous_3)","decl":{"start":{"line":39,"column":24},"end":{"line":39,"column":25}},"loc":{"start":{"line":39,"column":28},"end":{"line":39,"column":48}},"line":39}},"branchMap":{"0":{"loc":{"start":{"line":29,"column":17},"end":{"line":31,"column":53}},"type":"cond-expr","locations":[{"start":{"line":30,"column":20},"end":{"line":30,"column":46}},{"start":{"line":31,"column":20},"end":{"line":31,"column":53}}],"line":29}},"s":{"0":1,"1":0,"2":0,"3":0,"4":0,"5":0,"6":0,"7":0},"f":{"0":0,"1":0,"2":0,"3":0},"b":{"0":[0,0]},"_coverageSchema":"1a1c01bbd47fc00a2c39e90264f33305004495a9","hash":"0a399d0214823b9590a3555540112f36bbf3b9d3"}
,"C:\\Users\\unnatimishra\\OneDrive - Nagarro\\Desktop\\NamasteReact\\src\\component\\RestaurantCard.js": {"path":"C:\\Users\\unnatimishra\\OneDrive - Nagarro\\Desktop\\NamasteReact\\src\\component\\RestaurantCard.js","statementMap":{"0":{"start":{"line":3,"column":20},"end":{"line":39,"column":1}},"1":{"start":{"line":4,"column":20},"end":{"line":4,"column":25}},"2":{"start":{"line":5,"column":4},"end":{"line":5,"column":25}},"3":{"start":{"line":14,"column":6},"end":{"line":14,"column":18}},"4":{"start":{"line":15,"column":4},"end":{"line":15,"column":25}},"5":{"start":{"line":18,"column":4},"end":{"line":38,"column":5}},"6":{"start":{"line":41,"column":31},"end":{"line":50,"column":1}},"7":{"start":{"line":42,"column":4},"end":{"line":49,"column":5}},"8":{"start":{"line":43,"column":8},"end":{"line":48,"column":9}}},"fnMap":{"0":{"name":"(anonymous_0)","decl":{"start":{"line":3,"column":20},"end":{"line":3,"column":21}},"loc":{"start":{"line":3,"column":29},"end":{"line":39,"column":1}},"line":3},"1":{"name":"(anonymous_1)","decl":{"start":{"line":41,"column":31},"end":{"line":41,"column":32}},"loc":{"start":{"line":41,"column":49},"end":{"line":50,"column":1}},"line":41},"2":{"name":"(anonymous_2)","decl":{"start":{"line":42,"column":11},"end":{"line":42,"column":12}},"loc":{"start":{"line":42,"column":20},"end":{"line":49,"column":5}},"line":42}},"branchMap":{},"s":{"0":2,"1":64,"2":64,"3":64,"4":64,"5":64,"6":2,"7":6,"8":63},"f":{"0":64,"1":6,"2":63},"b":{},"_coverageSchema":"1a1c01bbd47fc00a2c39e90264f33305004495a9","hash":"d57d717d1681f65f80c567578061179d6c14c6f9"}
,"C:\\Users\\unnatimishra\\OneDrive - Nagarro\\Desktop\\NamasteReact\\src\\component\\RestaurantCategory.js": {"path":"C:\\Users\\unnatimishra\\OneDrive - Nagarro\\Desktop\\NamasteReact\\src\\component\\RestaurantCategory.js","statementMap":{"0":{"start":{"line":4,"column":27},"end":{"line":26,"column":1}},"1":{"start":{"line":7,"column":20},"end":{"line":10,"column":3}},"2":{"start":{"line":9,"column":4},"end":{"line":9,"column":19}},"3":{"start":{"line":11,"column":2},"end":{"line":25,"column":4}}},"fnMap":{"0":{"name":"(anonymous_0)","decl":{"start":{"line":4,"column":27},"end":{"line":4,"column":28}},"loc":{"start":{"line":4,"column":64},"end":{"line":26,"column":1}},"line":4},"1":{"name":"(anonymous_1)","decl":{"start":{"line":7,"column":20},"end":{"line":7,"column":21}},"loc":{"start":{"line":7,"column":24},"end":{"line":10,"column":3}},"line":7}},"branchMap":{"0":{"loc":{"start":{"line":21,"column":11},"end":{"line":21,"column":62}},"type":"binary-expr","locations":[{"start":{"line":21,"column":11},"end":{"line":21,"column":20}},{"start":{"line":21,"column":25},"end":{"line":21,"column":62}}],"line":21}},"s":{"0":1,"1":0,"2":0,"3":0},"f":{"0":0,"1":0},"b":{"0":[0,0]},"_coverageSchema":"1a1c01bbd47fc00a2c39e90264f33305004495a9","hash":"3866f8dbbf047d6218f891f8b8b27c08f1d460d9"}
,"C:\\Users\\unnatimishra\\OneDrive - Nagarro\\Desktop\\NamasteReact\\src\\component\\RestaurantMenu.js": {"path":"C:\\Users\\unnatimishra\\OneDrive - Nagarro\\Desktop\\NamasteReact\\src\\component\\RestaurantMenu.js","statementMap":{"0":{"start":{"line":6,"column":23},"end":{"line":52,"column":1}},"1":{"start":{"line":8,"column":18},"end":{"line":8,"column":29}},"2":{"start":{"line":10,"column":18},"end":{"line":10,"column":42}},"3":{"start":{"line":12,"column":34},"end":{"line":12,"column":48}},"4":{"start":{"line":14,"column":2},"end":{"line":14,"column":43}},"5":{"start":{"line":14,"column":26},"end":{"line":14,"column":43}},"6":{"start":{"line":16,"column":44},"end":{"line":16,"column":85}},"7":{"start":{"line":21,"column":2},"end":{"line":21,"column":71}},"8":{"start":{"line":24,"column":2},"end":{"line":25,"column":104}},"9":{"start":{"line":25,"column":13},"end":{"line":25,"column":103}},"10":{"start":{"line":26,"column":2},"end":{"line":26,"column":26}},"11":{"start":{"line":29,"column":2},"end":{"line":51,"column":3}},"12":{"start":{"line":36,"column":8},"end":{"line":45,"column":13}},"13":{"start":{"line":43,"column":29},"end":{"line":43,"column":48}}},"fnMap":{"0":{"name":"(anonymous_0)","decl":{"start":{"line":6,"column":23},"end":{"line":6,"column":24}},"loc":{"start":{"line":6,"column":29},"end":{"line":52,"column":1}},"line":6},"1":{"name":"(anonymous_1)","decl":{"start":{"line":25,"column":10},"end":{"line":25,"column":11}},"loc":{"start":{"line":25,"column":13},"end":{"line":25,"column":103}},"line":25},"2":{"name":"(anonymous_2)","decl":{"start":{"line":35,"column":22},"end":{"line":35,"column":23}},"loc":{"start":{"line":36,"column":8},"end":{"line":45,"column":13}},"line":36},"3":{"name":"(anonymous_3)","decl":{"start":{"line":43,"column":24},"end":{"line":43,"column":25}},"loc":{"start":{"line":43,"column":29},"end":{"line":43,"column":48}},"line":43}},"branchMap":{"0":{"loc":{"start":{"line":14,"column":2},"end":{"line":14,"column":43}},"type":"if","locations":[{"start":{"line":14,"column":2},"end":{"line":14,"column":43}},{"start":{},"end":{}}],"line":14},"1":{"loc":{"start":{"line":16,"column":44},"end":{"line":16,"column":85}},"type":"binary-expr","locations":[{"start":{"line":16,"column":44},"end":{"line":16,"column":79}},{"start":{"line":16,"column":83},"end":{"line":16,"column":85}}],"line":16},"2":{"loc":{"start":{"line":42,"column":21},"end":{"line":42,"column":51}},"type":"cond-expr","locations":[{"start":{"line":42,"column":41},"end":{"line":42,"column":45}},{"start":{"line":42,"column":46},"end":{"line":42,"column":51}}],"line":42}},"s":{"0":1,"1":0,"2":0,"3":0,"4":0,"5":0,"6":0,"7":0,"8":0,"9":0,"10":0,"11":0,"12":0,"13":0},"f":{"0":0,"1":0,"2":0,"3":0},"b":{"0":[0,0],"1":[0,0],"2":[0,0]},"_coverageSchema":"1a1c01bbd47fc00a2c39e90264f33305004495a9","hash":"7b63570c265296295146b7a0a2aa45f0db39bd6b"}
,"C:\\Users\\unnatimishra\\OneDrive - Nagarro\\Desktop\\NamasteReact\\src\\component\\Shimmer.js": {"path":"C:\\Users\\unnatimishra\\OneDrive - Nagarro\\Desktop\\NamasteReact\\src\\component\\Shimmer.js","statementMap":{"0":{"start":{"line":3,"column":16},"end":{"line":20,"column":1}},"1":{"start":{"line":4,"column":2},"end":{"line":19,"column":3}}},"fnMap":{"0":{"name":"(anonymous_0)","decl":{"start":{"line":3,"column":16},"end":{"line":3,"column":17}},"loc":{"start":{"line":3,"column":22},"end":{"line":20,"column":1}},"line":3}},"branchMap":{},"s":{"0":2,"1":2},"f":{"0":2},"b":{},"_coverageSchema":"1a1c01bbd47fc00a2c39e90264f33305004495a9","hash":"bd21f57510ef65b3160ecac742c1ebb55d794b81"}
,"C:\\Users\\unnatimishra\\OneDrive - Nagarro\\Desktop\\NamasteReact\\src\\component\\sum.js": {"path":"C:\\Users\\unnatimishra\\OneDrive - Nagarro\\Desktop\\NamasteReact\\src\\component\\sum.js","statementMap":{"0":{"start":{"line":1,"column":18},"end":{"line":3,"column":1}},"1":{"start":{"line":2,"column":4},"end":{"line":2,"column":15}}},"fnMap":{"0":{"name":"(anonymous_0)","decl":{"start":{"line":1,"column":18},"end":{"line":1,"column":19}},"loc":{"start":{"line":1,"column":25},"end":{"line":3,"column":1}},"line":1}},"branchMap":{},"s":{"0":1,"1":1},"f":{"0":1},"b":{},"_coverageSchema":"1a1c01bbd47fc00a2c39e90264f33305004495a9","hash":"bd871ca9659638365e7c6b6a2356a7bc75beb096"}
,"C:\\Users\\unnatimishra\\OneDrive - Nagarro\\Desktop\\NamasteReact\\src\\utils\\UserContext.js": {"path":"C:\\Users\\unnatimishra\\OneDrive - Nagarro\\Desktop\\NamasteReact\\src\\utils\\UserContext.js","statementMap":{"0":{"start":{"line":3,"column":18},"end":{"line":5,"column":2}}},"fnMap":{},"branchMap":{},"s":{"0":2},"f":{},"b":{},"_coverageSchema":"1a1c01bbd47fc00a2c39e90264f33305004495a9","hash":"0be70274866de8acafafa4cfa92429be4b2c49aa"}
,"C:\\Users\\unnatimishra\\OneDrive - Nagarro\\Desktop\\NamasteReact\\src\\utils\\appStore.js": {"path":"C:\\Users\\unnatimishra\\OneDrive - Nagarro\\Desktop\\NamasteReact\\src\\utils\\appStore.js","statementMap":{"0":{"start":{"line":3,"column":16},"end":{"line":10,"column":1}}},"fnMap":{},"branchMap":{},"s":{"0":1},"f":{},"b":{},"_coverageSchema":"1a1c01bbd47fc00a2c39e90264f33305004495a9","hash":"fd72f6778cf38d0084d8d362ed90da4fb56cec06"}
,"C:\\Users\\unnatimishra\\OneDrive - Nagarro\\Desktop\\NamasteReact\\src\\utils\\cartSlice.js": {"path":"C:\\Users\\unnatimishra\\OneDrive - Nagarro\\Desktop\\NamasteReact\\src\\utils\\cartSlice.js","statementMap":{"0":{"start":{"line":4,"column":16},"end":{"line":28,"column":2}},"1":{"start":{"line":18,"column":12},"end":{"line":18,"column":44}},"2":{"start":{"line":21,"column":12},"end":{"line":21,"column":29}},"3":{"start":{"line":24,"column":12},"end":{"line":24,"column":33}},"4":{"start":{"line":30,"column":44},"end":{"line":30,"column":61}}},"fnMap":{"0":{"name":"(anonymous_0)","decl":{"start":{"line":10,"column":16},"end":{"line":10,"column":17}},"loc":{"start":{"line":10,"column":32},"end":{"line":19,"column":9}},"line":10},"1":{"name":"(anonymous_1)","decl":{"start":{"line":20,"column":19},"end":{"line":20,"column":20}},"loc":{"start":{"line":20,"column":35},"end":{"line":22,"column":9}},"line":20},"2":{"name":"(anonymous_2)","decl":{"start":{"line":23,"column":18},"end":{"line":23,"column":19}},"loc":{"start":{"line":23,"column":34},"end":{"line":25,"column":9}},"line":23}},"branchMap":{},"s":{"0":2,"1":0,"2":0,"3":0,"4":2},"f":{"0":0,"1":0,"2":0},"b":{},"_coverageSchema":"1a1c01bbd47fc00a2c39e90264f33305004495a9","hash":"600058d2577137254a2d6e377f0aaddec949940f"}
,"C:\\Users\\unnatimishra\\OneDrive - Nagarro\\Desktop\\NamasteReact\\src\\utils\\constant.js": {"path":"C:\\Users\\unnatimishra\\OneDrive - Nagarro\\Desktop\\NamasteReact\\src\\utils\\constant.js","statementMap":{"0":{"start":{"line":1,"column":21},"end":{"line":1,"column":104}},"1":{"start":{"line":3,"column":22},"end":{"line":3,"column":120}},"2":{"start":{"line":6,"column":22},"end":{"line":6,"column":142}}},"fnMap":{},"branchMap":{},"s":{"0":4,"1":4,"2":4},"f":{},"b":{},"_coverageSchema":"1a1c01bbd47fc00a2c39e90264f33305004495a9","hash":"845117eaace11152578017fe6ca8ba4b39de0ab2"}
,"C:\\Users\\unnatimishra\\OneDrive - Nagarro\\Desktop\\NamasteReact\\src\\utils\\useOnlineStatus.js": {"path":"C:\\Users\\unnatimishra\\OneDrive - Nagarro\\Desktop\\NamasteReact\\src\\utils\\useOnlineStatus.js","statementMap":{"0":{"start":{"line":3,"column":22},"end":{"line":19,"column":1}},"1":{"start":{"line":5,"column":40},"end":{"line":5,"column":54}},"2":{"start":{"line":7,"column":4},"end":{"line":15,"column":6}},"3":{"start":{"line":8,"column":9},"end":{"line":10,"column":11}},"4":{"start":{"line":9,"column":12},"end":{"line":9,"column":35}},"5":{"start":{"line":12,"column":9},"end":{"line":14,"column":11}},"6":{"start":{"line":13,"column":12},"end":{"line":13,"column":34}},"7":{"start":{"line":18,"column":4},"end":{"line":18,"column":23}}},"fnMap":{"0":{"name":"(anonymous_0)","decl":{"start":{"line":3,"column":22},"end":{"line":3,"column":23}},"loc":{"start":{"line":3,"column":26},"end":{"line":19,"column":1}},"line":3},"1":{"name":"(anonymous_1)","decl":{"start":{"line":7,"column":14},"end":{"line":7,"column":15}},"loc":{"start":{"line":7,"column":18},"end":{"line":15,"column":5}},"line":7},"2":{"name":"(anonymous_2)","decl":{"start":{"line":8,"column":44},"end":{"line":8,"column":45}},"loc":{"start":{"line":8,"column":49},"end":{"line":10,"column":10}},"line":8},"3":{"name":"(anonymous_3)","decl":{"start":{"line":12,"column":42},"end":{"line":12,"column":43}},"loc":{"start":{"line":12,"column":46},"end":{"line":14,"column":10}},"line":12}},"branchMap":{},"s":{"0":2,"1":10,"2":10,"3":10,"4":0,"5":10,"6":0,"7":10},"f":{"0":10,"1":10,"2":0,"3":0},"b":{},"_coverageSchema":"1a1c01bbd47fc00a2c39e90264f33305004495a9","hash":"c89aeeae1e98e52b8eaf5ff3983f97d2b6cd9c61"}
,"C:\\Users\\unnatimishra\\OneDrive - Nagarro\\Desktop\\NamasteReact\\src\\utils\\useRestaurantMenu.js": {"path":"C:\\Users\\unnatimishra\\OneDrive - Nagarro\\Desktop\\NamasteReact\\src\\utils\\useRestaurantMenu.js","statementMap":{"0":{"start":{"line":4,"column":21},"end":{"line":20,"column":1}},"1":{"start":{"line":6,"column":30},"end":{"line":6,"column":44}},"2":{"start":{"line":8,"column":4},"end":{"line":10,"column":10}},"3":{"start":{"line":9,"column":8},"end":{"line":9,"column":20}},"4":{"start":{"line":12,"column":21},"end":{"line":18,"column":5}},"5":{"start":{"line":13,"column":20},"end":{"line":13,"column":48}},"6":{"start":{"line":14,"column":20},"end":{"line":14,"column":37}},"7":{"start":{"line":15,"column":8},"end":{"line":15,"column":26}},"8":{"start":{"line":16,"column":8},"end":{"line":16,"column":30}},"9":{"start":{"line":19,"column":4},"end":{"line":19,"column":19}}},"fnMap":{"0":{"name":"(anonymous_0)","decl":{"start":{"line":4,"column":21},"end":{"line":4,"column":22}},"loc":{"start":{"line":4,"column":31},"end":{"line":20,"column":1}},"line":4},"1":{"name":"(anonymous_1)","decl":{"start":{"line":8,"column":14},"end":{"line":8,"column":15}},"loc":{"start":{"line":8,"column":18},"end":{"line":10,"column":5}},"line":8},"2":{"name":"(anonymous_2)","decl":{"start":{"line":12,"column":21},"end":{"line":12,"column":22}},"loc":{"start":{"line":12,"column":30},"end":{"line":18,"column":5}},"line":12}},"branchMap":{},"s":{"0":1,"1":0,"2":0,"3":0,"4":0,"5":0,"6":0,"7":0,"8":0,"9":0},"f":{"0":0,"1":0,"2":0},"b":{},"_coverageSchema":"1a1c01bbd47fc00a2c39e90264f33305004495a9","hash":"7aca9c620b3f16bc1e53b7699995e7dd545a0fce"}
}
